/*! tailwindcss v4.3.2 | MIT License | https://tailwindcss.com */
@layer properties;
@layer theme, base, components, utilities;
@layer theme {
  :root, :host {
    --font-sans: ui-sans-serif, system-ui, sans-serif, 'Apple Color Emoji', 'Segoe UI Emoji', 'Segoe UI Symbol',
    'Noto Color Emoji';
    --font-serif: ui-serif, Georgia, Cambria, 'Times New Roman', Times, serif;
    --font-mono: ui-monospace, SFMono-Regular, Menlo, Monaco, Consolas, 'Liberation Mono', 'Courier New',
    monospace;
    --color-gray-50: oklch(98.5% 0.002 247.839);
    --color-gray-100: oklch(96.7% 0.003 264.542);
    --color-black: #000;
    --spacing: 0.25rem;
    --container-md: 28rem;
    --container-lg: 32rem;
    --container-xl: 36rem;
    --container-3xl: 48rem;
    --container-4xl: 56rem;
    --container-5xl: 64rem;
    --container-6xl: 72rem;
    --container-7xl: 80rem;
    --text-xs: 0.75rem;
    --text-xs--line-height: calc(1 / 0.75);
    --text-sm: 0.875rem;
    --text-sm--line-height: calc(1.25 / 0.875);
    --text-base: 1rem;
    --text-base--line-height: calc(1.5 / 1);
    --text-xl: 1.25rem;
    --text-xl--line-height: calc(1.75 / 1.25);
    --text-2xl: 1.5rem;
    --text-2xl--line-height: calc(2 / 1.5);
    --text-3xl: 1.875rem;
    --text-3xl--line-height: calc(2.25 / 1.875);
    --text-4xl: 2.25rem;
    --text-4xl--line-height: calc(2.5 / 2.25);
    --text-5xl: 3rem;
    --text-5xl--line-height: 1;
    --text-6xl: 3.75rem;
    --text-6xl--line-height: 1;
    --text-7xl: 4.5rem;
    --text-7xl--line-height: 1;
    --text-8xl: 6rem;
    --text-8xl--line-height: 1;
    --font-weight-medium: 500;
    --font-weight-semibold: 600;
    --font-weight-bold: 700;
    --font-weight-extrabold: 800;
    --font-weight-black: 900;
    --tracking-tighter: -0.05em;
    --tracking-tight: -0.025em;
    --tracking-wide: 0.025em;
    --tracking-wider: 0.05em;
    --tracking-widest: 0.1em;
    --leading-relaxed: 1.625;
    --radius-lg: 0.5rem;
    --ease-in: cubic-bezier(0.4, 0, 1, 1);
    --ease-out: cubic-bezier(0, 0, 0.2, 1);
    --ease-in-out: cubic-bezier(0.4, 0, 0.2, 1);
    --animate-pulse: pulse 2s cubic-bezier(0.4, 0, 0.6, 1) infinite;
    --default-transition-duration: 150ms;
    --default-transition-timing-function: cubic-bezier(0.4, 0, 0.2, 1);
    --default-font-family: var(--font-sans);
    --default-mono-font-family: var(--font-mono);
  }
}
@layer base {
  *, ::after, ::before, ::backdrop, ::file-selector-button {
    box-sizing: border-box;
    margin: 0;
    padding: 0;
    border: 0 solid;
  }
  html, :host {
    line-height: 1.5;
    -webkit-text-size-adjust: 100%;
    tab-size: 4;
    font-family: var(--default-font-family, ui-sans-serif, system-ui, sans-serif, 'Apple Color Emoji', 'Segoe UI Emoji', 'Segoe UI Symbol', 'Noto Color Emoji');
    font-feature-settings: var(--default-font-feature-settings, normal);
    font-variation-settings: var(--default-font-variation-settings, normal);
    -webkit-tap-highlight-color: transparent;
  }
  hr {
    height: 0;
    color: inherit;
    border-top-width: 1px;
  }
  abbr:where([title]) {
    -webkit-text-decoration: underline dotted;
    text-decoration: underline dotted;
  }
  h1, h2, h3, h4, h5, h6 {
    font-size: inherit;
    font-weight: inherit;
  }
  a {
    color: inherit;
    -webkit-text-decoration: inherit;
    text-decoration: inherit;
  }
  b, strong {
    font-weight: bolder;
  }
  code, kbd, samp, pre {
    font-family: var(--default-mono-font-family, ui-monospace, SFMono-Regular, Menlo, Monaco, Consolas, 'Liberation Mono', 'Courier New', monospace);
    font-feature-settings: var(--default-mono-font-feature-settings, normal);
    font-variation-settings: var(--default-mono-font-variation-settings, normal);
    font-size: 1em;
  }
  small {
    font-size: 80%;
  }
  sub, sup {
    font-size: 75%;
    line-height: 0;
    position: relative;
    vertical-align: baseline;
  }
  sub {
    bottom: -0.25em;
  }
  sup {
    top: -0.5em;
  }
  table {
    text-indent: 0;
    border-color: inherit;
    border-collapse: collapse;
  }
  :-moz-focusring {
    outline: auto;
  }
  progress {
    vertical-align: baseline;
  }
  summary {
    display: list-item;
  }
  ol, ul, menu {
    list-style: none;
  }
  img, svg, video, canvas, audio, iframe, embed, object {
    display: block;
    vertical-align: middle;
  }
  img, video {
    max-width: 100%;
    height: auto;
  }
  button, input, select, optgroup, textarea, ::file-selector-button {
    font: inherit;
    font-feature-settings: inherit;
    font-variation-settings: inherit;
    letter-spacing: inherit;
    color: inherit;
    border-radius: 0;
    background-color: transparent;
    opacity: 1;
  }
  :where(select:is([multiple], [size])) optgroup {
    font-weight: bolder;
  }
  :where(select:is([multiple], [size])) optgroup option {
    padding-inline-start: 20px;
  }
  ::file-selector-button {
    margin-inline-end: 4px;
  }
  ::placeholder {
    opacity: 1;
  }
  @supports (not (-webkit-appearance: -apple-pay-button))  or (contain-intrinsic-size: 1px) {
    ::placeholder {
      color: currentcolor;
      @supports (color: color-mix(in lab, red, red)) {
        color: color-mix(in oklab, currentcolor 50%, transparent);
      }
    }
  }
  textarea {
    resize: vertical;
  }
  ::-webkit-search-decoration {
    -webkit-appearance: none;
  }
  ::-webkit-date-and-time-value {
    min-height: 1lh;
    text-align: inherit;
  }
  ::-webkit-datetime-edit {
    display: inline-flex;
  }
  ::-webkit-datetime-edit-fields-wrapper {
    padding: 0;
  }
  ::-webkit-datetime-edit, ::-webkit-datetime-edit-year-field, ::-webkit-datetime-edit-month-field, ::-webkit-datetime-edit-day-field, ::-webkit-datetime-edit-hour-field, ::-webkit-datetime-edit-minute-field, ::-webkit-datetime-edit-second-field, ::-webkit-datetime-edit-millisecond-field, ::-webkit-datetime-edit-meridiem-field {
    padding-block: 0;
  }
  ::-webkit-calendar-picker-indicator {
    line-height: 1;
  }
  :-moz-ui-invalid {
    box-shadow: none;
  }
  button, input:where([type='button'], [type='reset'], [type='submit']), ::file-selector-button {
    appearance: button;
  }
  ::-webkit-inner-spin-button, ::-webkit-outer-spin-button {
    height: auto;
  }
  [hidden]:where(:not([hidden='until-found'])) {
    display: none !important;
  }
}
@layer utilities {
  .\@container {
    container-type: inline-size;
  }
  .pointer-events-none {
    pointer-events: none;
  }
  .invisible {
    visibility: hidden;
  }
  .visible {
    visibility: visible;
  }
  .absolute {
    position: absolute;
  }
  .fixed {
    position: fixed;
  }
  .relative {
    position: relative;
  }
  .static {
    position: static;
  }
  .sticky {
    position: sticky;
  }
  .inset-0 {
    inset: 0;
  }
  .-top-6 {
    top: calc(var(--spacing) * -6);
  }
  .-top-24 {
    top: calc(var(--spacing) * -24);
  }
  .top-0 {
    top: 0;
  }
  .top-1 {
    top: var(--spacing);
  }
  .top-1\/2 {
    top: calc(1 / 2 * 100%);
  }
  .top-16 {
    top: calc(var(--spacing) * 16);
  }
  .-right-24 {
    right: calc(var(--spacing) * -24);
  }
  .right-4 {
    right: calc(var(--spacing) * 4);
  }
  .-bottom-24 {
    bottom: calc(var(--spacing) * -24);
  }
  .-left-4 {
    left: calc(var(--spacing) * -4);
  }
  .-left-24 {
    left: calc(var(--spacing) * -24);
  }
  .left-1 {
    left: var(--spacing);
  }
  .left-1\/2 {
    left: calc(1 / 2 * 100%);
  }
  .isolate {
    isolation: isolate;
  }
  .-z-10 {
    z-index: calc(10 * -1);
  }
  .z-10 {
    z-index: 10;
  }
  .z-50 {
    z-index: 50;
  }
  .col-span-full {
    grid-column: 1 / -1;
  }
  .container {
    width: 100%;
    @media (width >= 40rem) {
      max-width: 40rem;
    }
    @media (width >= 48rem) {
      max-width: 48rem;
    }
    @media (width >= 64rem) {
      max-width: 64rem;
    }
    @media (width >= 80rem) {
      max-width: 80rem;
    }
    @media (width >= 96rem) {
      max-width: 96rem;
    }
  }
  .mx-4 {
    margin-inline: calc(var(--spacing) * 4);
  }
  .mx-auto {
    margin-inline: auto;
  }
  .mt-1 {
    margin-top: var(--spacing);
  }
  .mt-2 {
    margin-top: calc(var(--spacing) * 2);
  }
  .mt-3 {
    margin-top: calc(var(--spacing) * 3);
  }
  .mt-4 {
    margin-top: calc(var(--spacing) * 4);
  }
  .mt-6 {
    margin-top: calc(var(--spacing) * 6);
  }
  .mt-8 {
    margin-top: calc(var(--spacing) * 8);
  }
  .mt-10 {
    margin-top: calc(var(--spacing) * 10);
  }
  .mt-12 {
    margin-top: calc(var(--spacing) * 12);
  }
  .mt-16 {
    margin-top: calc(var(--spacing) * 16);
  }
  .mb-2 {
    margin-bottom: calc(var(--spacing) * 2);
  }
  .mb-3 {
    margin-bottom: calc(var(--spacing) * 3);
  }
  .mb-4 {
    margin-bottom: calc(var(--spacing) * 4);
  }
  .mb-8 {
    margin-bottom: calc(var(--spacing) * 8);
  }
  .mb-12 {
    margin-bottom: calc(var(--spacing) * 12);
  }
  .mb-16 {
    margin-bottom: calc(var(--spacing) * 16);
  }
  .block {
    display: block;
  }
  .contents {
    display: contents;
  }
  .flex {
    display: flex;
  }
  .grid {
    display: grid;
  }
  .hidden {
    display: none;
  }
  .inline {
    display: inline;
  }
  .inline-block {
    display: inline-block;
  }
  .inline-flex {
    display: inline-flex;
  }
  .table {
    display: table;
  }
  .table-cell {
    display: table-cell;
  }
  .size-1 {
    width: var(--spacing);
    height: var(--spacing);
  }
  .h-3 {
    height: calc(var(--spacing) * 3);
  }
  .h-4 {
    height: calc(var(--spacing) * 4);
  }
  .h-5 {
    height: calc(var(--spacing) * 5);
  }
  .h-6 {
    height: calc(var(--spacing) * 6);
  }
  .h-8 {
    height: calc(var(--spacing) * 8);
  }
  .h-9 {
    height: calc(var(--spacing) * 9);
  }
  .h-10 {
    height: calc(var(--spacing) * 10);
  }
  .h-12 {
    height: calc(var(--spacing) * 12);
  }
  .h-14 {
    height: calc(var(--spacing) * 14);
  }
  .h-16 {
    height: calc(var(--spacing) * 16);
  }
  .h-32 {
    height: calc(var(--spacing) * 32);
  }
  .h-40 {
    height: calc(var(--spacing) * 40);
  }
  .h-80 {
    height: calc(var(--spacing) * 80);
  }
  .h-84 {
    height: calc(var(--spacing) * 84);
  }
  .h-96 {
    height: calc(var(--spacing) * 96);
  }
  .h-120 {
    height: calc(var(--spacing) * 120);
  }
  .h-\[500px\] {
    height: 500px;
  }
  .h-full {
    height: 100%;
  }
  .min-h-\[160px\] {
    min-height: 160px;
  }
  .min-h-full {
    min-height: 100%;
  }
  .w-4 {
    width: calc(var(--spacing) * 4);
  }
  .w-5 {
    width: calc(var(--spacing) * 5);
  }
  .w-6 {
    width: calc(var(--spacing) * 6);
  }
  .w-8 {
    width: calc(var(--spacing) * 8);
  }
  .w-9 {
    width: calc(var(--spacing) * 9);
  }
  .w-10 {
    width: calc(var(--spacing) * 10);
  }
  .w-16 {
    width: calc(var(--spacing) * 16);
  }
  .w-56 {
    width: calc(var(--spacing) * 56);
  }
  .w-80 {
    width: calc(var(--spacing) * 80);
  }
  .w-96 {
    width: calc(var(--spacing) * 96);
  }
  .w-\[500px\] {
    width: 500px;
  }
  .w-full {
    width: 100%;
  }
  .max-w-3xl {
    max-width: var(--container-3xl);
  }
  .max-w-4xl {
    max-width: var(--container-4xl);
  }
  .max-w-5xl {
    max-width: var(--container-5xl);
  }
  .max-w-6xl {
    max-width: var(--container-6xl);
  }
  .max-w-7xl {
    max-width: var(--container-7xl);
  }
  .max-w-lg {
    max-width: var(--container-lg);
  }
  .max-w-md {
    max-width: var(--container-md);
  }
  .max-w-xl {
    max-width: var(--container-xl);
  }
  .min-w-0 {
    min-width: 0;
  }
  .flex-1 {
    flex: 1;
  }
  .flex-shrink {
    flex-shrink: 1;
  }
  .flex-shrink-0 {
    flex-shrink: 0;
  }
  .grow {
    flex-grow: 1;
  }
  .border-collapse {
    border-collapse: collapse;
  }
  .origin-left {
    transform-origin: 0;
  }
  .-translate-x-1 {
    --tw-translate-x: calc(var(--spacing) * -1);
    translate: var(--tw-translate-x) var(--tw-translate-y);
  }
  .-translate-x-1\/2 {
    --tw-translate-x: calc(calc(1 / 2 * 100%) * -1);
    translate: var(--tw-translate-x) var(--tw-translate-y);
  }
  .translate-x-0 {
    --tw-translate-x: 0;
    translate: var(--tw-translate-x) var(--tw-translate-y);
  }
  .translate-x-0\.5 {
    --tw-translate-x: calc(var(--spacing) * 0.5);
    translate: var(--tw-translate-x) var(--tw-translate-y);
  }
  .-translate-y-1 {
    --tw-translate-y: calc(var(--spacing) * -1);
    translate: var(--tw-translate-x) var(--tw-translate-y);
  }
  .-translate-y-1\/2 {
    --tw-translate-y: calc(calc(1 / 2 * 100%) * -1);
    translate: var(--tw-translate-x) var(--tw-translate-y);
  }
  .translate-y-0 {
    --tw-translate-y: 0;
    translate: var(--tw-translate-x) var(--tw-translate-y);
  }
  .translate-y-0\.5 {
    --tw-translate-y: calc(var(--spacing) * 0.5);
    translate: var(--tw-translate-x) var(--tw-translate-y);
  }
  .-rotate-6 {
    rotate: calc(6deg * -1);
  }
  .rotate-12 {
    rotate: 12deg;
  }
  .rotate-45 {
    rotate: 45deg;
  }
  .transform {
    transform: var(--tw-rotate-x,) var(--tw-rotate-y,) var(--tw-rotate-z,) var(--tw-skew-x,) var(--tw-skew-y,);
  }
  .transform\! {
    transform: var(--tw-rotate-x,) var(--tw-rotate-y,) var(--tw-rotate-z,) var(--tw-skew-x,) var(--tw-skew-y,) !important;
  }
  .animate-grow-x {
    animation: grow-x 0.6s cubic-bezier(0.16, 1, 0.3, 1) both;
  }
  .animate-pulse {
    animation: var(--animate-pulse);
  }
  .cursor-pointer {
    cursor: pointer;
  }
  .resize {
    resize: both;
  }
  .grid-cols-1 {
    grid-template-columns: repeat(1, minmax(0, 1fr));
  }
  .flex-col {
    flex-direction: column;
  }
  .flex-wrap {
    flex-wrap: wrap;
  }
  .items-center {
    align-items: center;
  }
  .justify-between {
    justify-content: space-between;
  }
  .justify-center {
    justify-content: center;
  }
  .justify-end {
    justify-content: flex-end;
  }
  .gap-1 {
    gap: var(--spacing);
  }
  .gap-1\.5 {
    gap: calc(var(--spacing) * 1.5);
  }
  .gap-2 {
    gap: calc(var(--spacing) * 2);
  }
  .gap-2\.5 {
    gap: calc(var(--spacing) * 2.5);
  }
  .gap-3 {
    gap: calc(var(--spacing) * 3);
  }
  .gap-4 {
    gap: calc(var(--spacing) * 4);
  }
  .gap-6 {
    gap: calc(var(--spacing) * 6);
  }
  .gap-12 {
    gap: calc(var(--spacing) * 12);
  }
  .space-y-2 {
    :where(& > :not(:last-child)) {
      --tw-space-y-reverse: 0;
      margin-block-start: calc(calc(var(--spacing) * 2) * var(--tw-space-y-reverse));
      margin-block-end: calc(calc(var(--spacing) * 2) * calc(1 - var(--tw-space-y-reverse)));
    }
  }
  .space-y-4 {
    :where(& > :not(:last-child)) {
      --tw-space-y-reverse: 0;
      margin-block-start: calc(calc(var(--spacing) * 4) * var(--tw-space-y-reverse));
      margin-block-end: calc(calc(var(--spacing) * 4) * calc(1 - var(--tw-space-y-reverse)));
    }
  }
  .space-y-6 {
    :where(& > :not(:last-child)) {
      --tw-space-y-reverse: 0;
      margin-block-start: calc(calc(var(--spacing) * 6) * var(--tw-space-y-reverse));
      margin-block-end: calc(calc(var(--spacing) * 6) * calc(1 - var(--tw-space-y-reverse)));
    }
  }
  .truncate {
    overflow: hidden;
    text-overflow: ellipsis;
    white-space: nowrap;
  }
  .overflow-hidden {
    overflow: hidden;
  }
  .rounded {
    border-radius: 0.25rem;
  }
  .rounded-lg {
    border-radius: var(--radius-lg);
  }
  .rounded-none {
    border-radius: 0;
  }
  .border {
    border-style: var(--tw-border-style);
    border-width: 1px;
  }
  .border-2 {
    border-style: var(--tw-border-style);
    border-width: 2px;
  }
  .border-t-2 {
    border-top-style: var(--tw-border-style);
    border-top-width: 2px;
  }
  .border-r-2 {
    border-right-style: var(--tw-border-style);
    border-right-width: 2px;
  }
  .border-b {
    border-bottom-style: var(--tw-border-style);
    border-bottom-width: 1px;
  }
  .border-b-2 {
    border-bottom-style: var(--tw-border-style);
    border-bottom-width: 2px;
  }
  .border-dashed {
    --tw-border-style: dashed;
    border-style: dashed;
  }
  .border-none {
    --tw-border-style: none;
    border-style: none;
  }
  .border-\[var\(--accent\)\]\/5 {
    border-color: var(--accent);
    @supports (color: color-mix(in lab, red, red)) {
      border-color: color-mix(in oklab, var(--accent) 5%, transparent);
    }
  }
  .border-\[var\(--bg-subtle\)\] {
    border-color: var(--bg-subtle);
  }
  .border-\[var\(--border\)\] {
    border-color: var(--border);
  }
  .border-\[var\(--border\)\]\/10 {
    border-color: var(--border);
    @supports (color: color-mix(in lab, red, red)) {
      border-color: color-mix(in oklab, var(--border) 10%, transparent);
    }
  }
  .border-\[var\(--fg\)\] {
    border-color: var(--fg);
  }
  .border-transparent {
    border-color: transparent;
  }
  .bg-\[var\(--bg\)\] {
    background-color: var(--bg);
  }
  .bg-\[var\(--bg\)\]\/95 {
    background-color: var(--bg);
    @supports (color: color-mix(in lab, red, red)) {
      background-color: color-mix(in oklab, var(--bg) 95%, transparent);
    }
  }
  .bg-\[var\(--bg-subtle\)\] {
    background-color: var(--bg-subtle);
  }
  .bg-\[var\(--fg\)\] {
    background-color: var(--fg);
  }
  .bg-\[var\(--green\)\] {
    background-color: var(--green);
  }
  .bg-\[var\(--red\)\] {
    background-color: var(--red);
  }
  .bg-black {
    background-color: var(--color-black);
  }
  .bg-black\/40 {
    background-color: color-mix(in srgb, #000 40%, transparent);
    @supports (color: color-mix(in lab, red, red)) {
      background-color: color-mix(in oklab, var(--color-black) 40%, transparent);
    }
  }
  .bg-transparent {
    background-color: transparent;
  }
  .object-cover {
    object-fit: cover;
  }
  .p-1 {
    padding: var(--spacing);
  }
  .p-6 {
    padding: calc(var(--spacing) * 6);
  }
  .p-8 {
    padding: calc(var(--spacing) * 8);
  }
  .px-1 {
    padding-inline: var(--spacing);
  }
  .px-3 {
    padding-inline: calc(var(--spacing) * 3);
  }
  .px-4 {
    padding-inline: calc(var(--spacing) * 4);
  }
  .px-6 {
    padding-inline: calc(var(--spacing) * 6);
  }
  .px-8 {
    padding-inline: calc(var(--spacing) * 8);
  }
  .py-0 {
    padding-block: 0;
  }
  .py-1 {
    padding-block: var(--spacing);
  }
  .py-1\.5 {
    padding-block: calc(var(--spacing) * 1.5);
  }
  .py-2 {
    padding-block: calc(var(--spacing) * 2);
  }
  .py-12 {
    padding-block: calc(var(--spacing) * 12);
  }
  .py-16 {
    padding-block: calc(var(--spacing) * 16);
  }
  .py-24 {
    padding-block: calc(var(--spacing) * 24);
  }
  .py-28 {
    padding-block: calc(var(--spacing) * 28);
  }
  .pt-4 {
    padding-top: calc(var(--spacing) * 4);
  }
  .pt-36 {
    padding-top: calc(var(--spacing) * 36);
  }
  .pr-8 {
    padding-right: calc(var(--spacing) * 8);
  }
  .pb-4 {
    padding-bottom: calc(var(--spacing) * 4);
  }
  .pb-32 {
    padding-bottom: calc(var(--spacing) * 32);
  }
  .pl-4 {
    padding-left: calc(var(--spacing) * 4);
  }
  .text-center {
    text-align: center;
  }
  .align-bottom {
    vertical-align: bottom;
  }
  .align-middle {
    vertical-align: middle;
  }
  .align-top {
    vertical-align: top;
  }
  .font-mono {
    font-family: var(--font-mono);
  }
  .font-serif {
    font-family: var(--font-serif);
  }
  .text-2xl {
    font-size: var(--text-2xl);
    line-height: var(--tw-leading, var(--text-2xl--line-height));
  }
  .text-3xl {
    font-size: var(--text-3xl);
    line-height: var(--tw-leading, var(--text-3xl--line-height));
  }
  .text-4xl {
    font-size: var(--text-4xl);
    line-height: var(--tw-leading, var(--text-4xl--line-height));
  }
  .text-5xl {
    font-size: var(--text-5xl);
    line-height: var(--tw-leading, var(--text-5xl--line-height));
  }
  .text-6xl {
    font-size: var(--text-6xl);
    line-height: var(--tw-leading, var(--text-6xl--line-height));
  }
  .text-base {
    font-size: var(--text-base);
    line-height: var(--tw-leading, var(--text-base--line-height));
  }
  .text-sm {
    font-size: var(--text-sm);
    line-height: var(--tw-leading, var(--text-sm--line-height));
  }
  .text-xl {
    font-size: var(--text-xl);
    line-height: var(--tw-leading, var(--text-xl--line-height));
  }
  .text-xs {
    font-size: var(--text-xs);
    line-height: var(--tw-leading, var(--text-xs--line-height));
  }
  .text-\[9px\] {
    font-size: 9px;
  }
  .text-\[10px\] {
    font-size: 10px;
  }
  .leading-none {
    --tw-leading: 1;
    line-height: 1;
  }
  .leading-relaxed {
    --tw-leading: var(--leading-relaxed);
    line-height: var(--leading-relaxed);
  }
  .font-black {
    --tw-font-weight: var(--font-weight-black);
    font-weight: var(--font-weight-black);
  }
  .font-bold {
    --tw-font-weight: var(--font-weight-bold);
    font-weight: var(--font-weight-bold);
  }
  .font-extrabold {
    --tw-font-weight: var(--font-weight-extrabold);
    font-weight: var(--font-weight-extrabold);
  }
  .font-medium {
    --tw-font-weight: var(--font-weight-medium);
    font-weight: var(--font-weight-medium);
  }
  .font-semibold {
    --tw-font-weight: var(--font-weight-semibold);
    font-weight: var(--font-weight-semibold);
  }
  .tracking-\[0\.2em\] {
    --tw-tracking: 0.2em;
    letter-spacing: 0.2em;
  }
  .tracking-\[0\.15em\] {
    --tw-tracking: 0.15em;
    letter-spacing: 0.15em;
  }
  .tracking-tight {
    --tw-tracking: var(--tracking-tight);
    letter-spacing: var(--tracking-tight);
  }
  .tracking-tighter {
    --tw-tracking: var(--tracking-tighter);
    letter-spacing: var(--tracking-tighter);
  }
  .tracking-wide {
    --tw-tracking: var(--tracking-wide);
    letter-spacing: var(--tracking-wide);
  }
  .tracking-wider {
    --tw-tracking: var(--tracking-wider);
    letter-spacing: var(--tracking-wider);
  }
  .tracking-widest {
    --tw-tracking: var(--tracking-widest);
    letter-spacing: var(--tracking-widest);
  }
  .text-wrap {
    text-wrap: wrap;
  }
  .text-\[var\(--accent\)\] {
    color: var(--accent);
  }
  .text-\[var\(--accent\)\]\/15 {
    color: var(--accent);
    @supports (color: color-mix(in lab, red, red)) {
      color: color-mix(in oklab, var(--accent) 15%, transparent);
    }
  }
  .text-\[var\(--bg\)\] {
    color: var(--bg);
  }
  .text-\[var\(--fg\)\] {
    color: var(--fg);
  }
  .text-\[var\(--fg-muted\)\] {
    color: var(--fg-muted);
  }
  .text-\[var\(--green\)\] {
    color: var(--green);
  }
  .lowercase {
    text-transform: lowercase;
  }
  .uppercase {
    text-transform: uppercase;
  }
  .italic {
    font-style: italic;
  }
  .italic\! {
    font-style: italic !important;
  }
  .line-through {
    text-decoration-line: line-through;
  }
  .overline {
    text-decoration-line: overline;
  }
  .underline {
    text-decoration-line: underline;
  }
  .antialiased {
    -webkit-font-smoothing: antialiased;
    -moz-osx-font-smoothing: grayscale;
  }
  .mix-blend-multiply {
    mix-blend-mode: multiply;
  }
  .shadow {
    --tw-shadow: 0 1px 3px 0 var(--tw-shadow-color, rgb(0 0 0 / 0.1)), 0 1px 2px -1px var(--tw-shadow-color, rgb(0 0 0 / 0.1));
    box-shadow: var(--tw-inset-shadow), var(--tw-inset-ring-shadow), var(--tw-ring-offset-shadow), var(--tw-ring-shadow), var(--tw-shadow);
  }
  .shadow-\[2px_2px_0px_0px_var\(--border\)\] {
    --tw-shadow: 2px 2px 0px 0px var(--tw-shadow-color, var(--border));
    box-shadow: var(--tw-inset-shadow), var(--tw-inset-ring-shadow), var(--tw-ring-offset-shadow), var(--tw-ring-shadow), var(--tw-shadow);
  }
  .shadow-\[4px_4px_0px_0px_var\(--border\)\] {
    --tw-shadow: 4px 4px 0px 0px var(--tw-shadow-color, var(--border));
    box-shadow: var(--tw-inset-shadow), var(--tw-inset-ring-shadow), var(--tw-ring-offset-shadow), var(--tw-ring-shadow), var(--tw-shadow);
  }
  .shadow-\[6px_6px_0px_0px_var\(--accent\)\] {
    --tw-shadow: 6px 6px 0px 0px var(--tw-shadow-color, var(--accent));
    box-shadow: var(--tw-inset-shadow), var(--tw-inset-ring-shadow), var(--tw-ring-offset-shadow), var(--tw-ring-shadow), var(--tw-shadow);
  }
  .shadow-none {
    --tw-shadow: 0 0 #0000;
    box-shadow: var(--tw-inset-shadow), var(--tw-inset-ring-shadow), var(--tw-ring-offset-shadow), var(--tw-ring-shadow), var(--tw-shadow);
  }
  .outline {
    outline-style: var(--tw-outline-style);
    outline-width: 1px;
  }
  .blur {
    --tw-blur: blur(8px);
    filter: var(--tw-blur,) var(--tw-brightness,) var(--tw-contrast,) var(--tw-grayscale,) var(--tw-hue-rotate,) var(--tw-invert,) var(--tw-saturate,) var(--tw-sepia,) var(--tw-drop-shadow,);
  }
  .blur\! {
    --tw-blur: blur(8px) !important;
    filter: var(--tw-blur,) var(--tw-brightness,) var(--tw-contrast,) var(--tw-grayscale,) var(--tw-hue-rotate,) var(--tw-invert,) var(--tw-saturate,) var(--tw-sepia,) var(--tw-drop-shadow,) !important;
  }
  .drop-shadow {
    --tw-drop-shadow-size: drop-shadow(0 1px 2px var(--tw-drop-shadow-color, rgb(0 0 0 / 0.1))) drop-shadow(0 1px 1px var(--tw-drop-shadow-color, rgb(0 0 0 / 0.06)));
    --tw-drop-shadow: drop-shadow(0 1px 2px rgb(0 0 0 / 0.1)) drop-shadow( 0 1px 1px rgb(0 0 0 / 0.06));
    filter: var(--tw-blur,) var(--tw-brightness,) var(--tw-contrast,) var(--tw-grayscale,) var(--tw-hue-rotate,) var(--tw-invert,) var(--tw-saturate,) var(--tw-sepia,) var(--tw-drop-shadow,);
  }
  .invert {
    --tw-invert: invert(100%);
    filter: var(--tw-blur,) var(--tw-brightness,) var(--tw-contrast,) var(--tw-grayscale,) var(--tw-hue-rotate,) var(--tw-invert,) var(--tw-saturate,) var(--tw-sepia,) var(--tw-drop-shadow,);
  }
  .filter {
    filter: var(--tw-blur,) var(--tw-brightness,) var(--tw-contrast,) var(--tw-grayscale,) var(--tw-hue-rotate,) var(--tw-invert,) var(--tw-saturate,) var(--tw-sepia,) var(--tw-drop-shadow,);
  }
  .transition {
    transition-property: color, background-color, border-color, outline-color, text-decoration-color, fill, stroke, --tw-gradient-from, --tw-gradient-via, --tw-gradient-to, opacity, box-shadow, transform, translate, scale, rotate, filter, -webkit-backdrop-filter, backdrop-filter, display, content-visibility, overlay, pointer-events;
    transition-timing-function: var(--tw-ease, var(--default-transition-timing-function));
    transition-duration: var(--tw-duration, var(--default-transition-duration));
  }
  .transition\! {
    transition-property: color, background-color, border-color, outline-color, text-decoration-color, fill, stroke, --tw-gradient-from, --tw-gradient-via, --tw-gradient-to, opacity, box-shadow, transform, translate, scale, rotate, filter, -webkit-backdrop-filter, backdrop-filter, display, content-visibility, overlay, pointer-events !important;
    transition-timing-function: var(--tw-ease, var(--default-transition-timing-function)) !important;
    transition-duration: var(--tw-duration, var(--default-transition-duration)) !important;
  }
  .transition-all {
    transition-property: all;
    transition-timing-function: var(--tw-ease, var(--default-transition-timing-function));
    transition-duration: var(--tw-duration, var(--default-transition-duration));
  }
  .transition-colors {
    transition-property: color, background-color, border-color, outline-color, text-decoration-color, fill, stroke, --tw-gradient-from, --tw-gradient-via, --tw-gradient-to;
    transition-timing-function: var(--tw-ease, var(--default-transition-timing-function));
    transition-duration: var(--tw-duration, var(--default-transition-duration));
  }
  .ease-in {
    --tw-ease: var(--ease-in);
    transition-timing-function: var(--ease-in);
  }
  .ease-in-out {
    --tw-ease: var(--ease-in-out);
    transition-timing-function: var(--ease-in-out);
  }
  .ease-out {
    --tw-ease: var(--ease-out);
    transition-timing-function: var(--ease-out);
  }
  .outline-none {
    --tw-outline-style: none;
    outline-style: none;
  }
  .select-none {
    -webkit-user-select: none;
    user-select: none;
  }
  .group-active\:translate-x-0\.5 {
    &:is(:where(.group):active *) {
      --tw-translate-x: calc(var(--spacing) * 0.5);
      translate: var(--tw-translate-x) var(--tw-translate-y);
    }
  }
  .group-active\:translate-y-0\.5 {
    &:is(:where(.group):active *) {
      --tw-translate-y: calc(var(--spacing) * 0.5);
      translate: var(--tw-translate-x) var(--tw-translate-y);
    }
  }
  .group-active\:shadow-none {
    &:is(:where(.group):active *) {
      --tw-shadow: 0 0 #0000;
      box-shadow: var(--tw-inset-shadow), var(--tw-inset-ring-shadow), var(--tw-ring-offset-shadow), var(--tw-ring-shadow), var(--tw-shadow);
    }
  }
  .hover\:-translate-x-0\.5 {
    &:hover {
      @media (hover: hover) {
        --tw-translate-x: calc(var(--spacing) * -0.5);
        translate: var(--tw-translate-x) var(--tw-translate-y);
      }
    }
  }
  .hover\:-translate-y-0\.5 {
    &:hover {
      @media (hover: hover) {
        --tw-translate-y: calc(var(--spacing) * -0.5);
        translate: var(--tw-translate-x) var(--tw-translate-y);
      }
    }
  }
  .hover\:border-\[var\(--border\)\] {
    &:hover {
      @media (hover: hover) {
        border-color: var(--border);
      }
    }
  }
  .hover\:bg-\[var\(--accent\)\] {
    &:hover {
      @media (hover: hover) {
        background-color: var(--accent);
      }
    }
  }
  .hover\:bg-\[var\(--bg-subtle\)\] {
    &:hover {
      @media (hover: hover) {
        background-color: var(--bg-subtle);
      }
    }
  }
  .hover\:text-\[var\(--accent-fg\)\] {
    &:hover {
      @media (hover: hover) {
        color: var(--accent-fg);
      }
    }
  }
  .hover\:text-\[var\(--fg\)\] {
    &:hover {
      @media (hover: hover) {
        color: var(--fg);
      }
    }
  }
  .hover\:shadow-\[2px_2px_0px_0px_var\(--border\)\] {
    &:hover {
      @media (hover: hover) {
        --tw-shadow: 2px 2px 0px 0px var(--tw-shadow-color, var(--border));
        box-shadow: var(--tw-inset-shadow), var(--tw-inset-ring-shadow), var(--tw-ring-offset-shadow), var(--tw-ring-shadow), var(--tw-shadow);
      }
    }
  }
  .hover\:shadow-\[6px_6px_0px_0px_var\(--border\)\] {
    &:hover {
      @media (hover: hover) {
        --tw-shadow: 6px 6px 0px 0px var(--tw-shadow-color, var(--border));
        box-shadow: var(--tw-inset-shadow), var(--tw-inset-ring-shadow), var(--tw-ring-offset-shadow), var(--tw-ring-shadow), var(--tw-shadow);
      }
    }
  }
  .hover\:shadow-\[8px_8px_0px_0px_var\(--accent\)\] {
    &:hover {
      @media (hover: hover) {
        --tw-shadow: 8px 8px 0px 0px var(--tw-shadow-color, var(--accent));
        box-shadow: var(--tw-inset-shadow), var(--tw-inset-ring-shadow), var(--tw-ring-offset-shadow), var(--tw-ring-shadow), var(--tw-shadow);
      }
    }
  }
  .active\:translate-x-0\.5 {
    &:active {
      --tw-translate-x: calc(var(--spacing) * 0.5);
      translate: var(--tw-translate-x) var(--tw-translate-y);
    }
  }
  .active\:translate-y-0\.5 {
    &:active {
      --tw-translate-y: calc(var(--spacing) * 0.5);
      translate: var(--tw-translate-x) var(--tw-translate-y);
    }
  }
  .active\:shadow-none {
    &:active {
      --tw-shadow: 0 0 #0000;
      box-shadow: var(--tw-inset-shadow), var(--tw-inset-ring-shadow), var(--tw-ring-offset-shadow), var(--tw-ring-shadow), var(--tw-shadow);
    }
  }
  .sm\:grid-cols-2 {
    @media (width >= 40rem) {
      grid-template-columns: repeat(2, minmax(0, 1fr));
    }
  }
  .sm\:flex-row {
    @media (width >= 40rem) {
      flex-direction: row;
    }
  }
  .sm\:text-7xl {
    @media (width >= 40rem) {
      font-size: var(--text-7xl);
      line-height: var(--tw-leading, var(--text-7xl--line-height));
    }
  }
  .md\:block {
    @media (width >= 48rem) {
      display: block;
    }
  }
  .md\:text-8xl {
    @media (width >= 48rem) {
      font-size: var(--text-8xl);
      line-height: var(--tw-leading, var(--text-8xl--line-height));
    }
  }
  .lg\:grid-cols-3 {
    @media (width >= 64rem) {
      grid-template-columns: repeat(3, minmax(0, 1fr));
    }
  }
  .lg\:grid-cols-4 {
    @media (width >= 64rem) {
      grid-template-columns: repeat(4, minmax(0, 1fr));
    }
  }
  .lg\:px-8 {
    @media (width >= 64rem) {
      padding-inline: calc(var(--spacing) * 8);
    }
  }
  .dark\:block {
    &:where(.dark, .dark *) {
      display: block;
    }
  }
  .dark\:hidden {
    &:where(.dark, .dark *) {
      display: none;
    }
  }
}
:root {
  --bg: #e2e2e9;
  --bg-subtle: #d2d2db;
  --fg: #1a1a24;
  --fg-muted: #4a4a58;
  --border: #1a1a24;
  --ring: #991b1b;
  --accent: #991b1b;
  --accent-fg: #e2e2e9;
  --red: #991b1b;
  --green: #14532d;
  --yellow: #78350f;
  --radius: 0px;
}
.dark {
  --bg: #0a0a0f;
  --bg-subtle: #12121a;
  --fg: #f4f4f6;
  --fg-muted: #9e9eb0;
  --border: #f4f4f6;
  --ring: #f43f5e;
  --accent: #c084fc;
  --accent-fg: #0a0a0f;
  --red: #f43f5e;
  --green: #34d399;
  --yellow: #f9e2af;
}
*, *::before, *::after {
  box-sizing: border-box;
}
html {
  scroll-behavior: smooth;
  -webkit-font-smoothing: antialiased;
  -moz-osx-font-smoothing: grayscale;
}
body {
  background-color: var(--bg);
  color: var(--fg);
  transition: background-color 0.15s ease, color 0.15s ease, border-color 0.15s ease;
  font-family: 'Inter', system-ui, -apple-system, sans-serif;
  line-height: 1.5;
  background-image: linear-gradient(to right, rgba(76, 79, 105, 0.07) 1px, transparent 1px), linear-gradient(to bottom, rgba(76, 79, 105, 0.07) 1px, transparent 1px);
  background-size: 24px 24px;
}
.dark body {
  background-image: linear-gradient(to right, rgba(244, 63, 94, 0.03) 1px, transparent 1px), linear-gradient(to bottom, rgba(244, 63, 94, 0.03) 1px, transparent 1px);
}
h1, h2, h3, h4, h5, h6 {
  font-family: 'Cinzel', serif;
  letter-spacing: -0.01em;
  font-weight: 900;
  line-height: 0.95;
  text-transform: uppercase;
}
@keyframes loading-bar {
  from {
    width: 0%;
  }
  to {
    width: 96%;
  }
}
@keyframes fade-up {
  from {
    opacity: 0;
    transform: translateY(16px);
  }
  to {
    opacity: 1;
    transform: translateY(0);
  }
}
@keyframes fade-in {
  from {
    opacity: 0;
  }
  to {
    opacity: 1;
  }
}
@keyframes blink {
  0%, 100% {
    opacity: 1;
  }
  50% {
    opacity: 0;
  }
}
@keyframes grow-x {
  from {
    transform: scaleX(0);
  }
  to {
    transform: scaleX(1);
  }
}
.htmx-indicator {
  opacity: 0;
  transition: opacity 150ms ease;
  pointer-events: none;
}
.htmx-request .htmx-indicator, .htmx-request.htmx-indicator {
  opacity: 1;
  pointer-events: auto;
}
.prose-doc p {
  margin-bottom: 1rem;
  color: var(--fg-muted);
  font-size: 0.8125rem;
  line-height: 1.8;
}
.prose-doc code {
  font-family: 'Geist Mono', 'Fira Code', 'Cascadia Code', monospace;
  font-size: 0.75rem;
  background: var(--bg-subtle);
  border: 2px solid var(--border);
  padding: 0.125rem 0.375rem;
  color: var(--fg);
  font-weight: 700;
}
.prose-doc pre {
  background: var(--bg-subtle);
  border: 2px solid var(--border);
  padding: 1.25rem 1.5rem;
  overflow-x: auto;
  margin: 1.5rem 0;
  shadow: none;
  box-shadow: 4px 4px 0px 0px var(--border);
}
.prose-doc pre code {
  background: transparent;
  border: none;
  padding: 0;
  font-size: 0.75rem;
  color: var(--fg);
  line-height: 1.65;
  font-weight: 550;
}
#docs-container {
  view-transition-name: docs-container;
}
#metric-chart {
  view-transition-name: metric-chart;
}
#wisdom-card {
  view-transition-name: wisdom-card;
}
::view-transition-old(root), ::view-transition-new(root) {
  animation-duration: 0.35s;
  animation-timing-function: ease-in-out;
}
::-webkit-scrollbar {
  width: 6px;
  height: 6px;
}
::-webkit-scrollbar-track {
  background: transparent;
}
::-webkit-scrollbar-thumb {
  background: var(--border);
  border-radius: 99px;
}
@property --tw-translate-x {
  syntax: "*";
  inherits: false;
  initial-value: 0;
}
@property --tw-translate-y {
  syntax: "*";
  inherits: false;
  initial-value: 0;
}
@property --tw-translate-z {
  syntax: "*";
  inherits: false;
  initial-value: 0;
}
@property --tw-rotate-x {
  syntax: "*";
  inherits: false;
}
@property --tw-rotate-y {
  syntax: "*";
  inherits: false;
}
@property --tw-rotate-z {
  syntax: "*";
  inherits: false;
}
@property --tw-skew-x {
  syntax: "*";
  inherits: false;
}
@property --tw-skew-y {
  syntax: "*";
  inherits: false;
}
@property --tw-space-y-reverse {
  syntax: "*";
  inherits: false;
  initial-value: 0;
}
@property --tw-border-style {
  syntax: "*";
  inherits: false;
  initial-value: solid;
}
@property --tw-leading {
  syntax: "*";
  inherits: false;
}
@property --tw-font-weight {
  syntax: "*";
  inherits: false;
}
@property --tw-tracking {
  syntax: "*";
  inherits: false;
}
@property --tw-shadow {
  syntax: "*";
  inherits: false;
  initial-value: 0 0 #0000;
}
@property --tw-shadow-color {
  syntax: "*";
  inherits: false;
}
@property --tw-shadow-alpha {
  syntax: "<percentage>";
  inherits: false;
  initial-value: 100%;
}
@property --tw-inset-shadow {
  syntax: "*";
  inherits: false;
  initial-value: 0 0 #0000;
}
@property --tw-inset-shadow-color {
  syntax: "*";
  inherits: false;
}
@property --tw-inset-shadow-alpha {
  syntax: "<percentage>";
  inherits: false;
  initial-value: 100%;
}
@property --tw-ring-color {
  syntax: "*";
  inherits: false;
}
@property --tw-ring-shadow {
  syntax: "*";
  inherits: false;
  initial-value: 0 0 #0000;
}
@property --tw-inset-ring-color {
  syntax: "*";
  inherits: false;
}
@property --tw-inset-ring-shadow {
  syntax: "*";
  inherits: false;
  initial-value: 0 0 #0000;
}
@property --tw-ring-inset {
  syntax: "*";
  inherits: false;
}
@property --tw-ring-offset-width {
  syntax: "<length>";
  inherits: false;
  initial-value: 0px;
}
@property --tw-ring-offset-color {
  syntax: "*";
  inherits: false;
  initial-value: #fff;
}
@property --tw-ring-offset-shadow {
  syntax: "*";
  inherits: false;
  initial-value: 0 0 #0000;
}
@property --tw-outline-style {
  syntax: "*";
  inherits: false;
  initial-value: solid;
}
@property --tw-blur {
  syntax: "*";
  inherits: false;
}
@property --tw-brightness {
  syntax: "*";
  inherits: false;
}
@property --tw-contrast {
  syntax: "*";
  inherits: false;
}
@property --tw-grayscale {
  syntax: "*";
  inherits: false;
}
@property --tw-hue-rotate {
  syntax: "*";
  inherits: false;
}
@property --tw-invert {
  syntax: "*";
  inherits: false;
}
@property --tw-opacity {
  syntax: "*";
  inherits: false;
}
@property --tw-saturate {
  syntax: "*";
  inherits: false;
}
@property --tw-sepia {
  syntax: "*";
  inherits: false;
}
@property --tw-drop-shadow {
  syntax: "*";
  inherits: false;
}
@property --tw-drop-shadow-color {
  syntax: "*";
  inherits: false;
}
@property --tw-drop-shadow-alpha {
  syntax: "<percentage>";
  inherits: false;
  initial-value: 100%;
}
@property --tw-drop-shadow-size {
  syntax: "*";
  inherits: false;
}
@property --tw-ease {
  syntax: "*";
  inherits: false;
}
@keyframes pulse {
  50% {
    opacity: 0.5;
  }
}
@layer properties {
  @supports ((-webkit-hyphens: none) and (not (margin-trim: inline))) or ((-moz-orient: inline) and (not (color:rgb(from red r g b)))) {
    *, ::before, ::after, ::backdrop {
      --tw-translate-x: 0;
      --tw-translate-y: 0;
      --tw-translate-z: 0;
      --tw-rotate-x: initial;
      --tw-rotate-y: initial;
      --tw-rotate-z: initial;
      --tw-skew-x: initial;
      --tw-skew-y: initial;
      --tw-space-y-reverse: 0;
      --tw-border-style: solid;
      --tw-leading: initial;
      --tw-font-weight: initial;
      --tw-tracking: initial;
      --tw-shadow: 0 0 #0000;
      --tw-shadow-color: initial;
      --tw-shadow-alpha: 100%;
      --tw-inset-shadow: 0 0 #0000;
      --tw-inset-shadow-color: initial;
      --tw-inset-shadow-alpha: 100%;
      --tw-ring-color: initial;
      --tw-ring-shadow: 0 0 #0000;
      --tw-inset-ring-color: initial;
      --tw-inset-ring-shadow: 0 0 #0000;
      --tw-ring-inset: initial;
      --tw-ring-offset-width: 0px;
      --tw-ring-offset-color: #fff;
      --tw-ring-offset-shadow: 0 0 #0000;
      --tw-outline-style: solid;
      --tw-blur: initial;
      --tw-brightness: initial;
      --tw-contrast: initial;
      --tw-grayscale: initial;
      --tw-hue-rotate: initial;
      --tw-invert: initial;
      --tw-opacity: initial;
      --tw-saturate: initial;
      --tw-sepia: initial;
      --tw-drop-shadow: initial;
      --tw-drop-shadow-color: initial;
      --tw-drop-shadow-alpha: 100%;
      --tw-drop-shadow-size: initial;
      --tw-ease: initial;
    }
  }
}
